<?xml version="1.0" encoding="UTF-8"?>
<testng-results skipped="0" failed="0" ignored="0" total="1" passed="1">
  <reporter-output>
  </reporter-output>
  <suite name="Default suite" duration-ms="110" started-at="2018-11-22T07:33:32Z" finished-at="2018-11-22T07:33:32Z">
    <groups>
    </groups>
    <test name="Default test" duration-ms="110" started-at="2018-11-22T07:33:32Z" finished-at="2018-11-22T07:33:32Z">
      <class name="testngclasses.SubClass">
        <test-method status="PASS" signature="test()[pri:0, instance:testngclasses.SubClass@1d057a39]" name="test" duration-ms="25" started-at="2018-11-22T13:03:32Z" finished-at="2018-11-22T13:03:32Z">
          <reporter-output>
          </reporter-output>
        </test-method> <!-- test -->
      </class> <!-- testngclasses.SubClass -->
    </test> <!-- Default test -->
  </suite> <!-- Default suite -->
</testng-results>
